Analysis & Synthesis report for DECA_Gesture_Light_Sensor
Fri Jul 12 09:47:02 2024
Quartus Prime Version 20.1.1 Build 720 11/11/2020 SJ Lite Edition


---------------------
; Table of Contents ;
---------------------
  1. Legal Notice
  2. Analysis & Synthesis Summary
  3. Analysis & Synthesis Settings
  4. Parallel Compilation
  5. Analysis & Synthesis Source Files Read
  6. Analysis & Synthesis Resource Usage Summary
  7. Analysis & Synthesis Resource Utilization by Entity
  8. Registers Removed During Synthesis
  9. Removed Registers Triggering Further Register Optimizations
 10. General Register Statistics
 11. Multiplexer Restructuring Statistics (Restructuring Performed)
 12. Parameter Settings for User Entity Instance: LSEN_CTRL:lsen
 13. Parameter Settings for Inferred Entity Instance: lpm_divide:Div0
 14. Port Connectivity Checks: "LSEN_CTRL:lsen|I2C_READ_BYTE:rd"
 15. Port Connectivity Checks: "LSEN_CTRL:lsen|I2C_WRITE_POINTER:wpt"
 16. Port Connectivity Checks: "LSEN_CTRL:lsen|I2C_WRITE_BYTE:wrd"
 17. Port Connectivity Checks: "LSEN_CTRL:lsen"
 18. Post-Synthesis Netlist Statistics for Top Partition
 19. Elapsed Time Per Partition
 20. Analysis & Synthesis Messages



----------------
; Legal Notice ;
----------------
Copyright (C) 2020  Intel Corporation. All rights reserved.
Your use of Intel Corporation's design tools, logic functions 
and other software and tools, and any partner logic 
functions, and any output files from any of the foregoing 
(including device programming or simulation files), and any 
associated documentation or information are expressly subject 
to the terms and conditions of the Intel Program License 
Subscription Agreement, the Intel Quartus Prime License Agreement,
the Intel FPGA IP License Agreement, or other applicable license
agreement, including, without limitation, that your use is for
the sole purpose of programming logic devices manufactured by
Intel and sold by Intel or its authorized distributors.  Please
refer to the applicable agreement for further details, at
https://fpgasoftware.intel.com/eula.



+----------------------------------------------------------------------------------+
; Analysis & Synthesis Summary                                                     ;
+------------------------------------+---------------------------------------------+
; Analysis & Synthesis Status        ; Successful - Fri Jul 12 09:47:01 2024       ;
; Quartus Prime Version              ; 20.1.1 Build 720 11/11/2020 SJ Lite Edition ;
; Revision Name                      ; DECA_Gesture_Light_Sensor                   ;
; Top-level Entity Name              ; DECA_Gesture_Light_Sensor                   ;
; Family                             ; MAX 10                                      ;
; Total logic elements               ; 808                                         ;
;     Total combinational functions  ; 704                                         ;
;     Dedicated logic registers      ; 319                                         ;
; Total registers                    ; 319                                         ;
; Total pins                         ; 18                                          ;
; Total virtual pins                 ; 0                                           ;
; Total memory bits                  ; 0                                           ;
; Embedded Multiplier 9-bit elements ; 0                                           ;
; Total PLLs                         ; 0                                           ;
; UFM blocks                         ; 0                                           ;
; ADC blocks                         ; 0                                           ;
+------------------------------------+---------------------------------------------+


+--------------------------------------------------------------------------------------------------------------------------+
; Analysis & Synthesis Settings                                                                                            ;
+------------------------------------------------------------------+---------------------------+---------------------------+
; Option                                                           ; Setting                   ; Default Value             ;
+------------------------------------------------------------------+---------------------------+---------------------------+
; Device                                                           ; 10M50DAF484C6GES          ;                           ;
; Top-level entity name                                            ; DECA_Gesture_Light_Sensor ; DECA_Gesture_Light_Sensor ;
; Family name                                                      ; MAX 10 FPGA               ; Cyclone V                 ;
; Use smart compilation                                            ; Off                       ; Off                       ;
; Enable parallel Assembler and Timing Analyzer during compilation ; On                        ; On                        ;
; Enable compact report table                                      ; Off                       ; Off                       ;
; Restructure Multiplexers                                         ; Auto                      ; Auto                      ;
; Create Debugging Nodes for IP Cores                              ; Off                       ; Off                       ;
; Preserve fewer node names                                        ; On                        ; On                        ;
; Intel FPGA IP Evaluation Mode                                    ; Enable                    ; Enable                    ;
; Verilog Version                                                  ; Verilog_2001              ; Verilog_2001              ;
; VHDL Version                                                     ; VHDL_1993                 ; VHDL_1993                 ;
; State Machine Processing                                         ; Auto                      ; Auto                      ;
; Safe State Machine                                               ; Off                       ; Off                       ;
; Extract Verilog State Machines                                   ; On                        ; On                        ;
; Extract VHDL State Machines                                      ; On                        ; On                        ;
; Ignore Verilog initial constructs                                ; Off                       ; Off                       ;
; Iteration limit for constant Verilog loops                       ; 5000                      ; 5000                      ;
; Iteration limit for non-constant Verilog loops                   ; 250                       ; 250                       ;
; Add Pass-Through Logic to Inferred RAMs                          ; On                        ; On                        ;
; Infer RAMs from Raw Logic                                        ; On                        ; On                        ;
; Parallel Synthesis                                               ; On                        ; On                        ;
; DSP Block Balancing                                              ; Auto                      ; Auto                      ;
; NOT Gate Push-Back                                               ; On                        ; On                        ;
; Power-Up Don't Care                                              ; On                        ; On                        ;
; Remove Redundant Logic Cells                                     ; Off                       ; Off                       ;
; Remove Duplicate Registers                                       ; On                        ; On                        ;
; Ignore CARRY Buffers                                             ; Off                       ; Off                       ;
; Ignore CASCADE Buffers                                           ; Off                       ; Off                       ;
; Ignore GLOBAL Buffers                                            ; Off                       ; Off                       ;
; Ignore ROW GLOBAL Buffers                                        ; Off                       ; Off                       ;
; Ignore LCELL Buffers                                             ; Off                       ; Off                       ;
; Ignore SOFT Buffers                                              ; On                        ; On                        ;
; Limit AHDL Integers to 32 Bits                                   ; Off                       ; Off                       ;
; Optimization Technique                                           ; Balanced                  ; Balanced                  ;
; Carry Chain Length                                               ; 70                        ; 70                        ;
; Auto Carry Chains                                                ; On                        ; On                        ;
; Auto Open-Drain Pins                                             ; On                        ; On                        ;
; Perform WYSIWYG Primitive Resynthesis                            ; Off                       ; Off                       ;
; Auto ROM Replacement                                             ; On                        ; On                        ;
; Auto RAM Replacement                                             ; On                        ; On                        ;
; Auto DSP Block Replacement                                       ; On                        ; On                        ;
; Auto Shift Register Replacement                                  ; Auto                      ; Auto                      ;
; Allow Shift Register Merging across Hierarchies                  ; Auto                      ; Auto                      ;
; Auto Clock Enable Replacement                                    ; On                        ; On                        ;
; Strict RAM Replacement                                           ; Off                       ; Off                       ;
; Allow Synchronous Control Signals                                ; On                        ; On                        ;
; Force Use of Synchronous Clear Signals                           ; Off                       ; Off                       ;
; Auto RAM Block Balancing                                         ; On                        ; On                        ;
; Auto RAM to Logic Cell Conversion                                ; Off                       ; Off                       ;
; Auto Resource Sharing                                            ; Off                       ; Off                       ;
; Allow Any RAM Size For Recognition                               ; Off                       ; Off                       ;
; Allow Any ROM Size For Recognition                               ; Off                       ; Off                       ;
; Allow Any Shift Register Size For Recognition                    ; Off                       ; Off                       ;
; Use LogicLock Constraints during Resource Balancing              ; On                        ; On                        ;
; Ignore translate_off and synthesis_off directives                ; Off                       ; Off                       ;
; Timing-Driven Synthesis                                          ; On                        ; On                        ;
; Report Parameter Settings                                        ; On                        ; On                        ;
; Report Source Assignments                                        ; On                        ; On                        ;
; Report Connectivity Checks                                       ; On                        ; On                        ;
; Ignore Maximum Fan-Out Assignments                               ; Off                       ; Off                       ;
; Synchronization Register Chain Length                            ; 2                         ; 2                         ;
; Power Optimization During Synthesis                              ; Normal compilation        ; Normal compilation        ;
; HDL message level                                                ; Level2                    ; Level2                    ;
; Suppress Register Optimization Related Messages                  ; Off                       ; Off                       ;
; Number of Removed Registers Reported in Synthesis Report         ; 5000                      ; 5000                      ;
; Number of Swept Nodes Reported in Synthesis Report               ; 5000                      ; 5000                      ;
; Number of Inverted Registers Reported in Synthesis Report        ; 100                       ; 100                       ;
; Clock MUX Protection                                             ; On                        ; On                        ;
; Auto Gated Clock Conversion                                      ; Off                       ; Off                       ;
; Block Design Naming                                              ; Auto                      ; Auto                      ;
; SDC constraint protection                                        ; Off                       ; Off                       ;
; Synthesis Effort                                                 ; Auto                      ; Auto                      ;
; Shift Register Replacement - Allow Asynchronous Clear Signal     ; On                        ; On                        ;
; Pre-Mapping Resynthesis Optimization                             ; Off                       ; Off                       ;
; Analysis & Synthesis Message Level                               ; Medium                    ; Medium                    ;
; Disable Register Merging Across Hierarchies                      ; Auto                      ; Auto                      ;
; Resource Aware Inference For Block RAM                           ; On                        ; On                        ;
+------------------------------------------------------------------+---------------------------+---------------------------+


+------------------------------------------+
; Parallel Compilation                     ;
+----------------------------+-------------+
; Processors                 ; Number      ;
+----------------------------+-------------+
; Number detected on machine ; 8           ;
; Maximum allowed            ; 4           ;
;                            ;             ;
; Average used               ; 1.00        ;
; Maximum used               ; 4           ;
;                            ;             ;
; Usage by Processor         ; % Time Used ;
;     Processor 1            ; 100.0%      ;
;     Processor 2            ;   0.0%      ;
;     Processor 3            ;   0.0%      ;
;     Processor 4            ;   0.0%      ;
+----------------------------+-------------+


+--------------------------------------------------------------------------------------------------------------------------------------------------------------------------------------+
; Analysis & Synthesis Source Files Read                                                                                                                                               ;
+----------------------------------+-----------------+------------------------------+----------------------------------------------------------------------------------------+---------+
; File Name with User-Entered Path ; Used in Netlist ; File Type                    ; File Name with Absolute Path                                                           ; Library ;
+----------------------------------+-----------------+------------------------------+----------------------------------------------------------------------------------------+---------+
; V/LEVEL_CAMP.v                   ; yes             ; User Verilog HDL File        ; /home/ah/Documents/Workspace/FPGA/Gesture_Light_Sensor_RTL/V/LEVEL_CAMP.v              ;         ;
; V/LSEN_CTRL.v                    ; yes             ; User Verilog HDL File        ; /home/ah/Documents/Workspace/FPGA/Gesture_Light_Sensor_RTL/V/LSEN_CTRL.v               ;         ;
; V/I2C_WRITE_POINTER.v            ; yes             ; User Verilog HDL File        ; /home/ah/Documents/Workspace/FPGA/Gesture_Light_Sensor_RTL/V/I2C_WRITE_POINTER.v       ;         ;
; V/I2C_WRITE_BYTE.v               ; yes             ; User Verilog HDL File        ; /home/ah/Documents/Workspace/FPGA/Gesture_Light_Sensor_RTL/V/I2C_WRITE_BYTE.v          ;         ;
; V/I2C_READ_BYTE.v                ; yes             ; User Verilog HDL File        ; /home/ah/Documents/Workspace/FPGA/Gesture_Light_Sensor_RTL/V/I2C_READ_BYTE.v           ;         ;
; DECA_Gesture_Light_Sensor.v      ; yes             ; Auto-Found Verilog HDL File  ; /home/ah/Documents/Workspace/FPGA/Gesture_Light_Sensor_RTL/DECA_Gesture_Light_Sensor.v ;         ;
; lpm_divide.tdf                   ; yes             ; Megafunction                 ; /home/ah/intelFPGA_lite/20.1/quartus/libraries/megafunctions/lpm_divide.tdf            ;         ;
; abs_divider.inc                  ; yes             ; Megafunction                 ; /home/ah/intelFPGA_lite/20.1/quartus/libraries/megafunctions/abs_divider.inc           ;         ;
; sign_div_unsign.inc              ; yes             ; Megafunction                 ; /home/ah/intelFPGA_lite/20.1/quartus/libraries/megafunctions/sign_div_unsign.inc       ;         ;
; aglobal201.inc                   ; yes             ; Megafunction                 ; /home/ah/intelFPGA_lite/20.1/quartus/libraries/megafunctions/aglobal201.inc            ;         ;
; db/lpm_divide_otl.tdf            ; yes             ; Auto-Generated Megafunction  ; /home/ah/Documents/Workspace/FPGA/Gesture_Light_Sensor_RTL/db/lpm_divide_otl.tdf       ;         ;
; db/sign_div_unsign_qlh.tdf       ; yes             ; Auto-Generated Megafunction  ; /home/ah/Documents/Workspace/FPGA/Gesture_Light_Sensor_RTL/db/sign_div_unsign_qlh.tdf  ;         ;
; db/alt_u_div_uhe.tdf             ; yes             ; Auto-Generated Megafunction  ; /home/ah/Documents/Workspace/FPGA/Gesture_Light_Sensor_RTL/db/alt_u_div_uhe.tdf        ;         ;
; db/add_sub_t3c.tdf               ; yes             ; Auto-Generated Megafunction  ; /home/ah/Documents/Workspace/FPGA/Gesture_Light_Sensor_RTL/db/add_sub_t3c.tdf          ;         ;
; db/add_sub_u3c.tdf               ; yes             ; Auto-Generated Megafunction  ; /home/ah/Documents/Workspace/FPGA/Gesture_Light_Sensor_RTL/db/add_sub_u3c.tdf          ;         ;
+----------------------------------+-----------------+------------------------------+----------------------------------------------------------------------------------------+---------+


+-----------------------------------------------------------------------+
; Analysis & Synthesis Resource Usage Summary                           ;
+---------------------------------------------+-------------------------+
; Resource                                    ; Usage                   ;
+---------------------------------------------+-------------------------+
; Estimated Total logic elements              ; 808                     ;
;                                             ;                         ;
; Total combinational functions               ; 704                     ;
; Logic element usage by number of LUT inputs ;                         ;
;     -- 4 input functions                    ; 333                     ;
;     -- 3 input functions                    ; 140                     ;
;     -- <=2 input functions                  ; 231                     ;
;                                             ;                         ;
; Logic elements by mode                      ;                         ;
;     -- normal mode                          ; 524                     ;
;     -- arithmetic mode                      ; 180                     ;
;                                             ;                         ;
; Total registers                             ; 319                     ;
;     -- Dedicated logic registers            ; 319                     ;
;     -- I/O registers                        ; 0                       ;
;                                             ;                         ;
; I/O pins                                    ; 18                      ;
;                                             ;                         ;
; Embedded Multiplier 9-bit elements          ; 0                       ;
;                                             ;                         ;
; Maximum fan-out node                        ; LSEN_CTRL:lsen|CLK_400K ;
; Maximum fan-out                             ; 287                     ;
; Total fan-out                               ; 3275                    ;
; Average fan-out                             ; 3.09                    ;
+---------------------------------------------+-------------------------+


+---------------------------------------------------------------------------------------------------------------------------------------------------------------------------------------------------------------------------------------------------------------------------------------------------------------------------------------------------------------------+
; Analysis & Synthesis Resource Utilization by Entity                                                                                                                                                                                                                                                                                                                 ;
+----------------------------------------+---------------------+---------------------------+-------------+------------+--------------+---------+-----------+------+--------------+------------+----------------------------------------------------------------------------------------------------------------------------+---------------------------+--------------+
; Compilation Hierarchy Node             ; Combinational ALUTs ; Dedicated Logic Registers ; Memory Bits ; UFM Blocks ; DSP Elements ; DSP 9x9 ; DSP 18x18 ; Pins ; Virtual Pins ; ADC blocks ; Full Hierarchy Name                                                                                                        ; Entity Name               ; Library Name ;
+----------------------------------------+---------------------+---------------------------+-------------+------------+--------------+---------+-----------+------+--------------+------------+----------------------------------------------------------------------------------------------------------------------------+---------------------------+--------------+
; |DECA_Gesture_Light_Sensor             ; 704 (36)            ; 319 (0)                   ; 0           ; 0          ; 0            ; 0       ; 0         ; 18   ; 0            ; 0          ; |DECA_Gesture_Light_Sensor                                                                                                 ; DECA_Gesture_Light_Sensor ; work         ;
;    |LEVEL_CAMP:cmp|                    ; 20 (20)             ; 0 (0)                     ; 0           ; 0          ; 0            ; 0       ; 0         ; 0    ; 0            ; 0          ; |DECA_Gesture_Light_Sensor|LEVEL_CAMP:cmp                                                                                  ; LEVEL_CAMP                ; work         ;
;    |LSEN_CTRL:lsen|                    ; 572 (275)           ; 319 (208)                 ; 0           ; 0          ; 0            ; 0       ; 0         ; 0    ; 0            ; 0          ; |DECA_Gesture_Light_Sensor|LSEN_CTRL:lsen                                                                                  ; LSEN_CTRL                 ; work         ;
;       |I2C_READ_BYTE:rd|               ; 97 (97)             ; 49 (49)                   ; 0           ; 0          ; 0            ; 0       ; 0         ; 0    ; 0            ; 0          ; |DECA_Gesture_Light_Sensor|LSEN_CTRL:lsen|I2C_READ_BYTE:rd                                                                 ; I2C_READ_BYTE             ; work         ;
;       |I2C_WRITE_BYTE:wrd|             ; 71 (71)             ; 27 (27)                   ; 0           ; 0          ; 0            ; 0       ; 0         ; 0    ; 0            ; 0          ; |DECA_Gesture_Light_Sensor|LSEN_CTRL:lsen|I2C_WRITE_BYTE:wrd                                                               ; I2C_WRITE_BYTE            ; work         ;
;       |I2C_WRITE_POINTER:wpt|          ; 129 (129)           ; 35 (35)                   ; 0           ; 0          ; 0            ; 0       ; 0         ; 0    ; 0            ; 0          ; |DECA_Gesture_Light_Sensor|LSEN_CTRL:lsen|I2C_WRITE_POINTER:wpt                                                            ; I2C_WRITE_POINTER         ; work         ;
;    |lpm_divide:Div0|                   ; 76 (0)              ; 0 (0)                     ; 0           ; 0          ; 0            ; 0       ; 0         ; 0    ; 0            ; 0          ; |DECA_Gesture_Light_Sensor|lpm_divide:Div0                                                                                 ; lpm_divide                ; work         ;
;       |lpm_divide_otl:auto_generated|  ; 76 (0)              ; 0 (0)                     ; 0           ; 0          ; 0            ; 0       ; 0         ; 0    ; 0            ; 0          ; |DECA_Gesture_Light_Sensor|lpm_divide:Div0|lpm_divide_otl:auto_generated                                                   ; lpm_divide_otl            ; work         ;
;          |sign_div_unsign_qlh:divider| ; 76 (0)              ; 0 (0)                     ; 0           ; 0          ; 0            ; 0       ; 0         ; 0    ; 0            ; 0          ; |DECA_Gesture_Light_Sensor|lpm_divide:Div0|lpm_divide_otl:auto_generated|sign_div_unsign_qlh:divider                       ; sign_div_unsign_qlh       ; work         ;
;             |alt_u_div_uhe:divider|    ; 76 (76)             ; 0 (0)                     ; 0           ; 0          ; 0            ; 0       ; 0         ; 0    ; 0            ; 0          ; |DECA_Gesture_Light_Sensor|lpm_divide:Div0|lpm_divide_otl:auto_generated|sign_div_unsign_qlh:divider|alt_u_div_uhe:divider ; alt_u_div_uhe             ; work         ;
+----------------------------------------+---------------------+---------------------------+-------------+------------+--------------+---------+-----------+------+--------------+------------+----------------------------------------------------------------------------------------------------------------------------+---------------------------+--------------+
Note: For table entries with two numbers listed, the numbers in parentheses indicate the number of resources of the given type used by the specific entity alone. The numbers listed outside of parentheses indicate the total resources of the given type used by the specific entity and all of its sub-entities in the hierarchy.


+------------------------------------------------------------------------------------------------------------+
; Registers Removed During Synthesis                                                                         ;
+-------------------------------------------------+----------------------------------------------------------+
; Register name                                   ; Reason for Removal                                       ;
+-------------------------------------------------+----------------------------------------------------------+
; LSEN_CTRL:lsen|ST[7]                            ; Merged with LSEN_CTRL:lsen|ST[6]                         ;
; LSEN_CTRL:lsen|I2C_WRITE_POINTER:wpt|ST[7]      ; Merged with LSEN_CTRL:lsen|I2C_WRITE_POINTER:wpt|ST[6]   ;
; LSEN_CTRL:lsen|I2C_READ_BYTE:rd|ST[7]           ; Merged with LSEN_CTRL:lsen|I2C_READ_BYTE:rd|ST[6]        ;
; LSEN_CTRL:lsen|I2C_WRITE_BYTE:wrd|ST[7]         ; Merged with LSEN_CTRL:lsen|I2C_WRITE_BYTE:wrd|ST[6]      ;
; LSEN_CTRL:lsen|W_WORD_DATA[2]                   ; Merged with LSEN_CTRL:lsen|W_WORD_DATA[1]                ;
; LSEN_CTRL:lsen|I2C_WRITE_POINTER:wpt|BYTE[2..7] ; Merged with LSEN_CTRL:lsen|I2C_WRITE_POINTER:wpt|BYTE[1] ;
; LSEN_CTRL:lsen|I2C_WRITE_BYTE:wrd|BYTE[3..7]    ; Merged with LSEN_CTRL:lsen|I2C_WRITE_BYTE:wrd|BYTE[2]    ;
; LSEN_CTRL:lsen|W_POINTER_REG[7]                 ; Merged with LSEN_CTRL:lsen|W_POINTER_REG[6]              ;
; LSEN_CTRL:lsen|I2C_WRITE_POINTER:wpt|BYTE[1]    ; Stuck at GND due to stuck port data_in                   ;
; LSEN_CTRL:lsen|I2C_WRITE_BYTE:wrd|BYTE[2]       ; Stuck at GND due to stuck port data_in                   ;
; LSEN_CTRL:lsen|I2C_WRITE_BYTE:wrd|ST[5]         ; Stuck at GND due to stuck port data_in                   ;
; LSEN_CTRL:lsen|I2C_WRITE_BYTE:wrd|ST[6]         ; Stuck at GND due to stuck port clock_enable              ;
; LSEN_CTRL:lsen|I2C_WRITE_POINTER:wpt|ST[6]      ; Stuck at GND due to stuck port clock_enable              ;
; LSEN_CTRL:lsen|I2C_READ_BYTE:rd|ST[5]           ; Stuck at GND due to stuck port data_in                   ;
; LSEN_CTRL:lsen|I2C_READ_BYTE:rd|ST[6]           ; Stuck at GND due to stuck port clock_enable              ;
; LSEN_CTRL:lsen|I2C_WRITE_BYTE:wrd|DELY[0..7]    ; Lost fanout                                              ;
; LSEN_CTRL:lsen|ST[6]                            ; Stuck at GND due to stuck port data_in                   ;
; LSEN_CTRL:lsen|W_POINTER_REG[6]                 ; Stuck at GND due to stuck port data_in                   ;
; Total Number of Removed Registers = 34          ;                                                          ;
+-------------------------------------------------+----------------------------------------------------------+


+-----------------------------------------------------------------------------------------------------------------------+
; Removed Registers Triggering Further Register Optimizations                                                           ;
+-----------------------------------------+--------------------------------+--------------------------------------------+
; Register name                           ; Reason for Removal             ; Registers Removed due to This Register     ;
+-----------------------------------------+--------------------------------+--------------------------------------------+
; LSEN_CTRL:lsen|I2C_WRITE_BYTE:wrd|ST[6] ; Stuck at GND                   ; LSEN_CTRL:lsen|I2C_WRITE_BYTE:wrd|DELY[7], ;
;                                         ; due to stuck port clock_enable ; LSEN_CTRL:lsen|I2C_WRITE_BYTE:wrd|DELY[6]  ;
; LSEN_CTRL:lsen|ST[6]                    ; Stuck at GND                   ; LSEN_CTRL:lsen|W_POINTER_REG[6]            ;
;                                         ; due to stuck port data_in      ;                                            ;
+-----------------------------------------+--------------------------------+--------------------------------------------+


+------------------------------------------------------+
; General Register Statistics                          ;
+----------------------------------------------+-------+
; Statistic                                    ; Value ;
+----------------------------------------------+-------+
; Total registers                              ; 319   ;
; Number of registers using Synchronous Clear  ; 133   ;
; Number of registers using Synchronous Load   ; 14    ;
; Number of registers using Asynchronous Clear ; 22    ;
; Number of registers using Asynchronous Load  ; 0     ;
; Number of registers using Clock Enable       ; 247   ;
; Number of registers using Preset             ; 0     ;
+----------------------------------------------+-------+


+---------------------------------------------------------------------------------------------------------------------------------------------------------------------------------------+
; Multiplexer Restructuring Statistics (Restructuring Performed)                                                                                                                        ;
+--------------------+-----------+---------------+----------------------+------------------------+------------+-------------------------------------------------------------------------+
; Multiplexer Inputs ; Bus Width ; Baseline Area ; Area if Restructured ; Saving if Restructured ; Registered ; Example Multiplexer Output                                              ;
+--------------------+-----------+---------------+----------------------+------------------------+------------+-------------------------------------------------------------------------+
; 128:1              ; 8 bits    ; 680 LEs       ; 8 LEs                ; 672 LEs                ; Yes        ; |DECA_Gesture_Light_Sensor|LSEN_CTRL:lsen|I2C_READ_BYTE:rd|CNT[7]       ;
; 129:1              ; 8 bits    ; 688 LEs       ; 8 LEs                ; 680 LEs                ; Yes        ; |DECA_Gesture_Light_Sensor|LSEN_CTRL:lsen|I2C_WRITE_BYTE:wrd|DELY[6]    ;
; 129:1              ; 8 bits    ; 688 LEs       ; 8 LEs                ; 680 LEs                ; Yes        ; |DECA_Gesture_Light_Sensor|LSEN_CTRL:lsen|I2C_WRITE_POINTER:wpt|DELY[3] ;
; 64:1               ; 7 bits    ; 294 LEs       ; 7 LEs                ; 287 LEs                ; Yes        ; |DECA_Gesture_Light_Sensor|LSEN_CTRL:lsen|I2C_READ_BYTE:rd|A[2]         ;
; 129:1              ; 8 bits    ; 688 LEs       ; 8 LEs                ; 680 LEs                ; Yes        ; |DECA_Gesture_Light_Sensor|LSEN_CTRL:lsen|I2C_READ_BYTE:rd|DELY[7]      ;
; 20:1               ; 7 bits    ; 91 LEs        ; 42 LEs               ; 49 LEs                 ; Yes        ; |DECA_Gesture_Light_Sensor|LSEN_CTRL:lsen|W_WORD_DATA[0]                ;
; 129:1              ; 8 bits    ; 688 LEs       ; 8 LEs                ; 680 LEs                ; Yes        ; |DECA_Gesture_Light_Sensor|LSEN_CTRL:lsen|WCNT[3]                       ;
; 129:1              ; 8 bits    ; 688 LEs       ; 8 LEs                ; 680 LEs                ; Yes        ; |DECA_Gesture_Light_Sensor|LSEN_CTRL:lsen|I2C_WRITE_BYTE:wrd|CNT[0]     ;
; 129:1              ; 2 bits    ; 172 LEs       ; 2 LEs                ; 170 LEs                ; Yes        ; |DECA_Gesture_Light_Sensor|LSEN_CTRL:lsen|I2C_WRITE_POINTER:wpt|BYTE[0] ;
; 129:1              ; 8 bits    ; 688 LEs       ; 8 LEs                ; 680 LEs                ; Yes        ; |DECA_Gesture_Light_Sensor|LSEN_CTRL:lsen|I2C_WRITE_POINTER:wpt|CNT[7]  ;
; 129:1              ; 8 bits    ; 688 LEs       ; 8 LEs                ; 680 LEs                ; Yes        ; |DECA_Gesture_Light_Sensor|LSEN_CTRL:lsen|I2C_READ_BYTE:rd|BYTE[3]      ;
; 129:1              ; 8 bits    ; 688 LEs       ; 8 LEs                ; 680 LEs                ; Yes        ; |DECA_Gesture_Light_Sensor|LSEN_CTRL:lsen|I2C_READ_BYTE:rd|DATA8[0]     ;
; 66:1               ; 8 bits    ; 352 LEs       ; 16 LEs               ; 336 LEs                ; Yes        ; |DECA_Gesture_Light_Sensor|LSEN_CTRL:lsen|I2C_WRITE_POINTER:wpt|A[3]    ;
; 131:1              ; 8 bits    ; 696 LEs       ; 8 LEs                ; 688 LEs                ; Yes        ; |DECA_Gesture_Light_Sensor|LSEN_CTRL:lsen|CNT[0]                        ;
; 131:1              ; 3 bits    ; 261 LEs       ; 54 LEs               ; 207 LEs                ; Yes        ; |DECA_Gesture_Light_Sensor|LSEN_CTRL:lsen|I2C_WRITE_BYTE:wrd|ST[6]      ;
; 131:1              ; 3 bits    ; 261 LEs       ; 60 LEs               ; 201 LEs                ; Yes        ; |DECA_Gesture_Light_Sensor|LSEN_CTRL:lsen|I2C_WRITE_BYTE:wrd|ST[3]      ;
; 131:1              ; 3 bits    ; 261 LEs       ; 60 LEs               ; 201 LEs                ; Yes        ; |DECA_Gesture_Light_Sensor|LSEN_CTRL:lsen|I2C_WRITE_POINTER:wpt|ST[0]   ;
; 131:1              ; 3 bits    ; 261 LEs       ; 60 LEs               ; 201 LEs                ; Yes        ; |DECA_Gesture_Light_Sensor|LSEN_CTRL:lsen|I2C_WRITE_POINTER:wpt|ST[1]   ;
; 131:1              ; 3 bits    ; 261 LEs       ; 6 LEs                ; 255 LEs                ; Yes        ; |DECA_Gesture_Light_Sensor|LSEN_CTRL:lsen|I2C_WRITE_BYTE:wrd|BYTE[1]    ;
; 132:1              ; 3 bits    ; 264 LEs       ; 54 LEs               ; 210 LEs                ; Yes        ; |DECA_Gesture_Light_Sensor|LSEN_CTRL:lsen|I2C_READ_BYTE:rd|ST[5]        ;
; 68:1               ; 8 bits    ; 360 LEs       ; 16 LEs               ; 344 LEs                ; Yes        ; |DECA_Gesture_Light_Sensor|LSEN_CTRL:lsen|I2C_WRITE_BYTE:wrd|A[8]       ;
; 133:1              ; 32 bits   ; 2816 LEs      ; 32 LEs               ; 2784 LEs               ; Yes        ; |DECA_Gesture_Light_Sensor|LSEN_CTRL:lsen|DELY[22]                      ;
; 167:1              ; 4 bits    ; 444 LEs       ; 48 LEs               ; 396 LEs                ; Yes        ; |DECA_Gesture_Light_Sensor|LSEN_CTRL:lsen|W_POINTER_REG[0]              ;
+--------------------+-----------+---------------+----------------------+------------------------+------------+-------------------------------------------------------------------------+


+-------------------------------------------------------------+
; Parameter Settings for User Entity Instance: LSEN_CTRL:lsen ;
+----------------+----------+---------------------------------+
; Parameter Name ; Value    ; Type                            ;
+----------------+----------+---------------------------------+
; SLAVE_ADDR     ; 10110100 ; Unsigned Binary                 ;
; P_COMMAND      ; 00011000 ; Unsigned Binary                 ;
; P_PS_LED21     ; 00001111 ; Unsigned Binary                 ;
; P_PS_LED3      ; 00010000 ; Unsigned Binary                 ;
; P_MEAS_RATE    ; 00001000 ; Unsigned Binary                 ;
; P_INT_CFG      ; 00000011 ; Unsigned Binary                 ;
; P_IRQ_ENABLE   ; 00000100 ; Unsigned Binary                 ;
; P_PS1_TH0      ; 00010001 ; Unsigned Binary                 ;
; P_PS1_TH1      ; 00010010 ; Unsigned Binary                 ;
; P_PS2_TH0      ; 00010011 ; Unsigned Binary                 ;
; P_PS2_TH1      ; 00010100 ; Unsigned Binary                 ;
; P_PS3_TH0      ; 00010101 ; Unsigned Binary                 ;
; P_PS3_TH1      ; 00010110 ; Unsigned Binary                 ;
; P_HW_KEY       ; 00000111 ; Unsigned Binary                 ;
; P_IRQ_MODE1    ; 00000101 ; Unsigned Binary                 ;
; P_IRQ_MODE2    ; 00000110 ; Unsigned Binary                 ;
; P_PARAM_WR     ; 00010111 ; Unsigned Binary                 ;
; P_IRQ_STATUS   ; 00100001 ; Unsigned Binary                 ;
; P_PS_ENCODING  ; 00000101 ; Unsigned Binary                 ;
; P_PS_ADC_MISC  ; 00001100 ; Unsigned Binary                 ;
; P_CHLIST       ; 00000001 ; Unsigned Binary                 ;
; P_PART_ID      ; 00000000 ; Unsigned Binary                 ;
; P_REV_ID       ; 00000001 ; Unsigned Binary                 ;
; P_SEQ_ID       ; 00000010 ; Unsigned Binary                 ;
; P_PS1_DATA0    ; 00100110 ; Unsigned Binary                 ;
; P_PS1_DATA1    ; 00100111 ; Unsigned Binary                 ;
; P_PS2_DATA0    ; 00101000 ; Unsigned Binary                 ;
; P_PS2_DATA1    ; 00101001 ; Unsigned Binary                 ;
; P_PS3_DATA0    ; 00101010 ; Unsigned Binary                 ;
; P_PS3_DATA1    ; 00101011 ; Unsigned Binary                 ;
; P_RESPONSE     ; 00100000 ; Unsigned Binary                 ;
; P_CHIP_STAT    ; 00110000 ; Unsigned Binary                 ;
; P_PARAM_RD     ; 00101110 ; Unsigned Binary                 ;
+----------------+----------+---------------------------------+
Note: In order to hide this table in the UI and the text report file, please set the "Show Parameter Settings in Synthesis Report" option in "Analysis and Synthesis Settings -> More Settings" to "Off".


+------------------------------------------------------------------+
; Parameter Settings for Inferred Entity Instance: lpm_divide:Div0 ;
+------------------------+----------------+------------------------+
; Parameter Name         ; Value          ; Type                   ;
+------------------------+----------------+------------------------+
; LPM_WIDTHN             ; 18             ; Untyped                ;
; LPM_WIDTHD             ; 2              ; Untyped                ;
; LPM_NREPRESENTATION    ; UNSIGNED       ; Untyped                ;
; LPM_DREPRESENTATION    ; UNSIGNED       ; Untyped                ;
; LPM_PIPELINE           ; 0              ; Untyped                ;
; LPM_REMAINDERPOSITIVE  ; TRUE           ; Untyped                ;
; MAXIMIZE_SPEED         ; 5              ; Untyped                ;
; CBXI_PARAMETER         ; lpm_divide_otl ; Untyped                ;
; CARRY_CHAIN            ; MANUAL         ; Untyped                ;
; OPTIMIZE_FOR_SPEED     ; 5              ; Untyped                ;
; AUTO_CARRY_CHAINS      ; ON             ; AUTO_CARRY             ;
; IGNORE_CARRY_BUFFERS   ; OFF            ; IGNORE_CARRY           ;
; AUTO_CASCADE_CHAINS    ; ON             ; AUTO_CASCADE           ;
; IGNORE_CASCADE_BUFFERS ; OFF            ; IGNORE_CASCADE         ;
+------------------------+----------------+------------------------+
Note: In order to hide this table in the UI and the text report file, please set the "Show Parameter Settings in Synthesis Report" option in "Analysis and Synthesis Settings -> More Settings" to "Off".


+----------------------------------------------------------------------------------------------------------------------------------------------------+
; Port Connectivity Checks: "LSEN_CTRL:lsen|I2C_READ_BYTE:rd"                                                                                        ;
+---------------------+--------+----------+----------------------------------------------------------------------------------------------------------+
; Port                ; Type   ; Severity ; Details                                                                                                  ;
+---------------------+--------+----------+----------------------------------------------------------------------------------------------------------+
; SLAVE_ADDRESS[5..4] ; Input  ; Info     ; Stuck at VCC                                                                                             ;
; SLAVE_ADDRESS[1..0] ; Input  ; Info     ; Stuck at GND                                                                                             ;
; SLAVE_ADDRESS[7]    ; Input  ; Info     ; Stuck at VCC                                                                                             ;
; SLAVE_ADDRESS[6]    ; Input  ; Info     ; Stuck at GND                                                                                             ;
; SLAVE_ADDRESS[3]    ; Input  ; Info     ; Stuck at GND                                                                                             ;
; SLAVE_ADDRESS[2]    ; Input  ; Info     ; Stuck at VCC                                                                                             ;
; ST                  ; Output ; Info     ; Explicitly unconnected                                                                                   ;
; ACK_OK              ; Output ; Info     ; Explicitly unconnected                                                                                   ;
; CNT                 ; Output ; Info     ; Explicitly unconnected                                                                                   ;
; BYTE                ; Output ; Info     ; Explicitly unconnected                                                                                   ;
; A                   ; Output ; Warning  ; Declared by entity but not connected by instance. Logic that only feeds a dangling port will be removed. ;
+---------------------+--------+----------+----------------------------------------------------------------------------------------------------------+


+------------------------------------------------------------------+
; Port Connectivity Checks: "LSEN_CTRL:lsen|I2C_WRITE_POINTER:wpt" ;
+---------------------+--------+----------+------------------------+
; Port                ; Type   ; Severity ; Details                ;
+---------------------+--------+----------+------------------------+
; SLAVE_ADDRESS[5..4] ; Input  ; Info     ; Stuck at VCC           ;
; SLAVE_ADDRESS[1..0] ; Input  ; Info     ; Stuck at GND           ;
; SLAVE_ADDRESS[7]    ; Input  ; Info     ; Stuck at VCC           ;
; SLAVE_ADDRESS[6]    ; Input  ; Info     ; Stuck at GND           ;
; SLAVE_ADDRESS[3]    ; Input  ; Info     ; Stuck at GND           ;
; SLAVE_ADDRESS[2]    ; Input  ; Info     ; Stuck at VCC           ;
; ST                  ; Output ; Info     ; Explicitly unconnected ;
; ACK_OK              ; Output ; Info     ; Explicitly unconnected ;
; CNT                 ; Output ; Info     ; Explicitly unconnected ;
; BYTE                ; Output ; Info     ; Explicitly unconnected ;
+---------------------+--------+----------+------------------------+


+------------------------------------------------------------------+
; Port Connectivity Checks: "LSEN_CTRL:lsen|I2C_WRITE_BYTE:wrd"    ;
+---------------------+--------+----------+------------------------+
; Port                ; Type   ; Severity ; Details                ;
+---------------------+--------+----------+------------------------+
; SLAVE_ADDRESS[5..4] ; Input  ; Info     ; Stuck at VCC           ;
; SLAVE_ADDRESS[1..0] ; Input  ; Info     ; Stuck at GND           ;
; SLAVE_ADDRESS[7]    ; Input  ; Info     ; Stuck at VCC           ;
; SLAVE_ADDRESS[6]    ; Input  ; Info     ; Stuck at GND           ;
; SLAVE_ADDRESS[3]    ; Input  ; Info     ; Stuck at GND           ;
; SLAVE_ADDRESS[2]    ; Input  ; Info     ; Stuck at VCC           ;
; ACK_OK              ; Output ; Info     ; Explicitly unconnected ;
+---------------------+--------+----------+------------------------+


+----------------------------------------------------------------------------------------------------------------------------------------------+
; Port Connectivity Checks: "LSEN_CTRL:lsen"                                                                                                   ;
+---------------+--------+----------+----------------------------------------------------------------------------------------------------------+
; Port          ; Type   ; Severity ; Details                                                                                                  ;
+---------------+--------+----------+----------------------------------------------------------------------------------------------------------+
; PART_ID       ; Output ; Warning  ; Declared by entity but not connected by instance. Logic that only feeds a dangling port will be removed. ;
; REV_ID        ; Output ; Warning  ; Declared by entity but not connected by instance. Logic that only feeds a dangling port will be removed. ;
; SEQ_ID        ; Output ; Warning  ; Declared by entity but not connected by instance. Logic that only feeds a dangling port will be removed. ;
; PS1_DATA0     ; Output ; Warning  ; Declared by entity but not connected by instance. Logic that only feeds a dangling port will be removed. ;
; PS1_DATA1     ; Output ; Warning  ; Declared by entity but not connected by instance. Logic that only feeds a dangling port will be removed. ;
; PS2_DATA0     ; Output ; Warning  ; Declared by entity but not connected by instance. Logic that only feeds a dangling port will be removed. ;
; PS2_DATA1     ; Output ; Warning  ; Declared by entity but not connected by instance. Logic that only feeds a dangling port will be removed. ;
; PS3_DATA0     ; Output ; Warning  ; Declared by entity but not connected by instance. Logic that only feeds a dangling port will be removed. ;
; PS3_DATA1     ; Output ; Warning  ; Declared by entity but not connected by instance. Logic that only feeds a dangling port will be removed. ;
; RESPONSE      ; Output ; Warning  ; Declared by entity but not connected by instance. Logic that only feeds a dangling port will be removed. ;
; CHIP_STAT     ; Output ; Warning  ; Declared by entity but not connected by instance. Logic that only feeds a dangling port will be removed. ;
; rCOMMAND      ; Output ; Warning  ; Declared by entity but not connected by instance. Logic that only feeds a dangling port will be removed. ;
; IRQ_STATUS    ; Output ; Warning  ; Declared by entity but not connected by instance. Logic that only feeds a dangling port will be removed. ;
; PARAM_RD      ; Output ; Warning  ; Declared by entity but not connected by instance. Logic that only feeds a dangling port will be removed. ;
; CLK_400K      ; Output ; Warning  ; Declared by entity but not connected by instance. Logic that only feeds a dangling port will be removed. ;
; I2C_LO0P      ; Output ; Warning  ; Declared by entity but not connected by instance. Logic that only feeds a dangling port will be removed. ;
; ST            ; Output ; Warning  ; Declared by entity but not connected by instance. Logic that only feeds a dangling port will be removed. ;
; CNT           ; Output ; Warning  ; Declared by entity but not connected by instance. Logic that only feeds a dangling port will be removed. ;
; WCNT          ; Output ; Warning  ; Declared by entity but not connected by instance. Logic that only feeds a dangling port will be removed. ;
; W_WORD_DATA   ; Output ; Warning  ; Declared by entity but not connected by instance. Logic that only feeds a dangling port will be removed. ;
; W_POINTER_REG ; Output ; Warning  ; Declared by entity but not connected by instance. Logic that only feeds a dangling port will be removed. ;
; W_WORD_END    ; Output ; Warning  ; Declared by entity but not connected by instance. Logic that only feeds a dangling port will be removed. ;
; W_WORD_GO     ; Output ; Warning  ; Declared by entity but not connected by instance. Logic that only feeds a dangling port will be removed. ;
; WORD_ST       ; Output ; Warning  ; Declared by entity but not connected by instance. Logic that only feeds a dangling port will be removed. ;
; WORD_CNT      ; Output ; Warning  ; Declared by entity but not connected by instance. Logic that only feeds a dangling port will be removed. ;
; WORD_BYTE     ; Output ; Warning  ; Declared by entity but not connected by instance. Logic that only feeds a dangling port will be removed. ;
; R_DATA        ; Output ; Warning  ; Declared by entity but not connected by instance. Logic that only feeds a dangling port will be removed. ;
; SDAI_W        ; Output ; Warning  ; Declared by entity but not connected by instance. Logic that only feeds a dangling port will be removed. ;
; REP_RQ        ; Output ; Warning  ; Declared by entity but not connected by instance. Logic that only feeds a dangling port will be removed. ;
; TR            ; Output ; Warning  ; Declared by entity but not connected by instance. Logic that only feeds a dangling port will be removed. ;
+---------------+--------+----------+----------------------------------------------------------------------------------------------------------+


+-----------------------------------------------------+
; Post-Synthesis Netlist Statistics for Top Partition ;
+-----------------------+-----------------------------+
; Type                  ; Count                       ;
+-----------------------+-----------------------------+
; boundary_port         ; 18                          ;
; cycloneiii_ff         ; 319                         ;
;     CLR               ; 22                          ;
;     ENA               ; 136                         ;
;     ENA SCLR          ; 97                          ;
;     ENA SCLR SLD      ; 4                           ;
;     ENA SLD           ; 10                          ;
;     SCLR              ; 32                          ;
;     plain             ; 18                          ;
; cycloneiii_io_obuf    ; 2                           ;
; cycloneiii_lcell_comb ; 708                         ;
;     arith             ; 180                         ;
;         2 data inputs ; 128                         ;
;         3 data inputs ; 52                          ;
;     normal            ; 528                         ;
;         0 data inputs ; 13                          ;
;         1 data inputs ; 15                          ;
;         2 data inputs ; 79                          ;
;         3 data inputs ; 88                          ;
;         4 data inputs ; 333                         ;
;                       ;                             ;
; Max LUT depth         ; 28.70                       ;
; Average LUT depth     ; 7.93                        ;
+-----------------------+-----------------------------+


+-------------------------------+
; Elapsed Time Per Partition    ;
+----------------+--------------+
; Partition Name ; Elapsed Time ;
+----------------+--------------+
; Top            ; 00:00:16     ;
+----------------+--------------+


+-------------------------------+
; Analysis & Synthesis Messages ;
+-------------------------------+
Info: *******************************************************************
Info: Running Quartus Prime Analysis & Synthesis
    Info: Version 20.1.1 Build 720 11/11/2020 SJ Lite Edition
    Info: Processing started: Fri Jul 12 09:46:18 2024
Info: Command: quartus_map --read_settings_files=on --write_settings_files=off DECA_Gesture_Light_Sensor -c DECA_Gesture_Light_Sensor
Warning (18236): Number of processors has not been specified which may cause overloading on shared machines.  Set the global assignment NUM_PARALLEL_PROCESSORS in your QSF to an appropriate value for best performance.
Info (20030): Parallel compilation is enabled and will use 4 of the 4 processors detected
Info (12021): Found 1 design units, including 1 entities, in source file V/LEVEL_CAMP.v
    Info (12023): Found entity 1: LEVEL_CAMP File: /home/ah/Documents/Workspace/FPGA/Gesture_Light_Sensor_RTL/V/LEVEL_CAMP.v Line: 1
Info (12021): Found 1 design units, including 1 entities, in source file V/LSEN_CTRL.v
    Info (12023): Found entity 1: LSEN_CTRL File: /home/ah/Documents/Workspace/FPGA/Gesture_Light_Sensor_RTL/V/LSEN_CTRL.v Line: 1
Info (12021): Found 1 design units, including 1 entities, in source file V/I2C_WRITE_POINTER.v
    Info (12023): Found entity 1: I2C_WRITE_POINTER File: /home/ah/Documents/Workspace/FPGA/Gesture_Light_Sensor_RTL/V/I2C_WRITE_POINTER.v Line: 1
Info (12021): Found 1 design units, including 1 entities, in source file V/I2C_WRITE_BYTE.v
    Info (12023): Found entity 1: I2C_WRITE_BYTE File: /home/ah/Documents/Workspace/FPGA/Gesture_Light_Sensor_RTL/V/I2C_WRITE_BYTE.v Line: 1
Info (12021): Found 1 design units, including 1 entities, in source file V/I2C_READ_BYTE.v
    Info (12023): Found entity 1: I2C_READ_BYTE File: /home/ah/Documents/Workspace/FPGA/Gesture_Light_Sensor_RTL/V/I2C_READ_BYTE.v Line: 1
Warning (12125): Using design file DECA_Gesture_Light_Sensor.v, which is not specified as a design file for the current project, but contains definitions for 1 design units and 1 entities in project
    Info (12023): Found entity 1: DECA_Gesture_Light_Sensor File: /home/ah/Documents/Workspace/FPGA/Gesture_Light_Sensor_RTL/DECA_Gesture_Light_Sensor.v Line: 6
Info (12127): Elaborating entity "DECA_Gesture_Light_Sensor" for the top level hierarchy
Warning (10230): Verilog HDL assignment warning at DECA_Gesture_Light_Sensor.v(58): truncated value with size 32 to match size of target (18) File: /home/ah/Documents/Workspace/FPGA/Gesture_Light_Sensor_RTL/DECA_Gesture_Light_Sensor.v Line: 58
Info (12128): Elaborating entity "LSEN_CTRL" for hierarchy "LSEN_CTRL:lsen" File: /home/ah/Documents/Workspace/FPGA/Gesture_Light_Sensor_RTL/DECA_Gesture_Light_Sensor.v Line: 56
Warning (10230): Verilog HDL assignment warning at LSEN_CTRL.v(184): truncated value with size 32 to match size of target (8) File: /home/ah/Documents/Workspace/FPGA/Gesture_Light_Sensor_RTL/V/LSEN_CTRL.v Line: 184
Warning (10230): Verilog HDL assignment warning at LSEN_CTRL.v(262): truncated value with size 32 to match size of target (8) File: /home/ah/Documents/Workspace/FPGA/Gesture_Light_Sensor_RTL/V/LSEN_CTRL.v Line: 262
Warning (10034): Output port "REV_ID" at LSEN_CTRL.v(12) has no driver File: /home/ah/Documents/Workspace/FPGA/Gesture_Light_Sensor_RTL/V/LSEN_CTRL.v Line: 12
Warning (10034): Output port "SEQ_ID" at LSEN_CTRL.v(13) has no driver File: /home/ah/Documents/Workspace/FPGA/Gesture_Light_Sensor_RTL/V/LSEN_CTRL.v Line: 13
Warning (10034): Output port "rCOMMAND" at LSEN_CTRL.v(22) has no driver File: /home/ah/Documents/Workspace/FPGA/Gesture_Light_Sensor_RTL/V/LSEN_CTRL.v Line: 22
Warning (10034): Output port "TR" at LSEN_CTRL.v(48) has no driver File: /home/ah/Documents/Workspace/FPGA/Gesture_Light_Sensor_RTL/V/LSEN_CTRL.v Line: 48
Info (12128): Elaborating entity "I2C_WRITE_BYTE" for hierarchy "LSEN_CTRL:lsen|I2C_WRITE_BYTE:wrd" File: /home/ah/Documents/Workspace/FPGA/Gesture_Light_Sensor_RTL/V/LSEN_CTRL.v Line: 305
Warning (10230): Verilog HDL assignment warning at I2C_WRITE_BYTE.v(55): truncated value with size 32 to match size of target (8) File: /home/ah/Documents/Workspace/FPGA/Gesture_Light_Sensor_RTL/V/I2C_WRITE_BYTE.v Line: 55
Warning (10230): Verilog HDL assignment warning at I2C_WRITE_BYTE.v(124): truncated value with size 32 to match size of target (8) File: /home/ah/Documents/Workspace/FPGA/Gesture_Light_Sensor_RTL/V/I2C_WRITE_BYTE.v Line: 124
Warning (10230): Verilog HDL assignment warning at I2C_WRITE_BYTE.v(134): truncated value with size 32 to match size of target (8) File: /home/ah/Documents/Workspace/FPGA/Gesture_Light_Sensor_RTL/V/I2C_WRITE_BYTE.v Line: 134
Info (12128): Elaborating entity "I2C_WRITE_POINTER" for hierarchy "LSEN_CTRL:lsen|I2C_WRITE_POINTER:wpt" File: /home/ah/Documents/Workspace/FPGA/Gesture_Light_Sensor_RTL/V/LSEN_CTRL.v Line: 328
Warning (10230): Verilog HDL assignment warning at I2C_WRITE_POINTER.v(53): truncated value with size 32 to match size of target (8) File: /home/ah/Documents/Workspace/FPGA/Gesture_Light_Sensor_RTL/V/I2C_WRITE_POINTER.v Line: 53
Warning (10230): Verilog HDL assignment warning at I2C_WRITE_POINTER.v(117): truncated value with size 32 to match size of target (8) File: /home/ah/Documents/Workspace/FPGA/Gesture_Light_Sensor_RTL/V/I2C_WRITE_POINTER.v Line: 117
Warning (10230): Verilog HDL assignment warning at I2C_WRITE_POINTER.v(127): truncated value with size 32 to match size of target (8) File: /home/ah/Documents/Workspace/FPGA/Gesture_Light_Sensor_RTL/V/I2C_WRITE_POINTER.v Line: 127
Info (12128): Elaborating entity "I2C_READ_BYTE" for hierarchy "LSEN_CTRL:lsen|I2C_READ_BYTE:rd" File: /home/ah/Documents/Workspace/FPGA/Gesture_Light_Sensor_RTL/V/LSEN_CTRL.v Line: 354
Warning (10230): Verilog HDL assignment warning at I2C_READ_BYTE.v(41): truncated value with size 33 to match size of target (9) File: /home/ah/Documents/Workspace/FPGA/Gesture_Light_Sensor_RTL/V/I2C_READ_BYTE.v Line: 41
Warning (10230): Verilog HDL assignment warning at I2C_READ_BYTE.v(55): truncated value with size 32 to match size of target (8) File: /home/ah/Documents/Workspace/FPGA/Gesture_Light_Sensor_RTL/V/I2C_READ_BYTE.v Line: 55
Warning (10230): Verilog HDL assignment warning at I2C_READ_BYTE.v(78): truncated value with size 32 to match size of target (8) File: /home/ah/Documents/Workspace/FPGA/Gesture_Light_Sensor_RTL/V/I2C_READ_BYTE.v Line: 78
Warning (10230): Verilog HDL assignment warning at I2C_READ_BYTE.v(81): truncated value with size 32 to match size of target (8) File: /home/ah/Documents/Workspace/FPGA/Gesture_Light_Sensor_RTL/V/I2C_READ_BYTE.v Line: 81
Warning (10230): Verilog HDL assignment warning at I2C_READ_BYTE.v(92): truncated value with size 32 to match size of target (8) File: /home/ah/Documents/Workspace/FPGA/Gesture_Light_Sensor_RTL/V/I2C_READ_BYTE.v Line: 92
Warning (10230): Verilog HDL assignment warning at I2C_READ_BYTE.v(156): truncated value with size 32 to match size of target (8) File: /home/ah/Documents/Workspace/FPGA/Gesture_Light_Sensor_RTL/V/I2C_READ_BYTE.v Line: 156
Warning (10230): Verilog HDL assignment warning at I2C_READ_BYTE.v(166): truncated value with size 32 to match size of target (8) File: /home/ah/Documents/Workspace/FPGA/Gesture_Light_Sensor_RTL/V/I2C_READ_BYTE.v Line: 166
Warning (10272): Verilog HDL Case Statement warning at I2C_READ_BYTE.v(129): case item expression covers a value already covered by a previous case item File: /home/ah/Documents/Workspace/FPGA/Gesture_Light_Sensor_RTL/V/I2C_READ_BYTE.v Line: 129
Info (12128): Elaborating entity "LEVEL_CAMP" for hierarchy "LEVEL_CAMP:cmp" File: /home/ah/Documents/Workspace/FPGA/Gesture_Light_Sensor_RTL/DECA_Gesture_Light_Sensor.v Line: 64
Warning (10230): Verilog HDL assignment warning at LEVEL_CAMP.v(7): truncated value with size 32 to match size of target (16) File: /home/ah/Documents/Workspace/FPGA/Gesture_Light_Sensor_RTL/V/LEVEL_CAMP.v Line: 7
Info (278001): Inferred 1 megafunctions from design logic
    Info (278004): Inferred divider/modulo megafunction ("lpm_divide") from the following logic: "Div0" File: /home/ah/Documents/Workspace/FPGA/Gesture_Light_Sensor_RTL/DECA_Gesture_Light_Sensor.v Line: 58
Info (12130): Elaborated megafunction instantiation "lpm_divide:Div0" File: /home/ah/Documents/Workspace/FPGA/Gesture_Light_Sensor_RTL/DECA_Gesture_Light_Sensor.v Line: 58
Info (12133): Instantiated megafunction "lpm_divide:Div0" with the following parameter: File: /home/ah/Documents/Workspace/FPGA/Gesture_Light_Sensor_RTL/DECA_Gesture_Light_Sensor.v Line: 58
    Info (12134): Parameter "LPM_WIDTHN" = "18"
    Info (12134): Parameter "LPM_WIDTHD" = "2"
    Info (12134): Parameter "LPM_NREPRESENTATION" = "UNSIGNED"
    Info (12134): Parameter "LPM_DREPRESENTATION" = "UNSIGNED"
Info (12021): Found 1 design units, including 1 entities, in source file db/lpm_divide_otl.tdf
    Info (12023): Found entity 1: lpm_divide_otl File: /home/ah/Documents/Workspace/FPGA/Gesture_Light_Sensor_RTL/db/lpm_divide_otl.tdf Line: 25
Info (12021): Found 1 design units, including 1 entities, in source file db/sign_div_unsign_qlh.tdf
    Info (12023): Found entity 1: sign_div_unsign_qlh File: /home/ah/Documents/Workspace/FPGA/Gesture_Light_Sensor_RTL/db/sign_div_unsign_qlh.tdf Line: 25
Info (12021): Found 1 design units, including 1 entities, in source file db/alt_u_div_uhe.tdf
    Info (12023): Found entity 1: alt_u_div_uhe File: /home/ah/Documents/Workspace/FPGA/Gesture_Light_Sensor_RTL/db/alt_u_div_uhe.tdf Line: 27
Info (12021): Found 1 design units, including 1 entities, in source file db/add_sub_t3c.tdf
    Info (12023): Found entity 1: add_sub_t3c File: /home/ah/Documents/Workspace/FPGA/Gesture_Light_Sensor_RTL/db/add_sub_t3c.tdf Line: 23
Info (12021): Found 1 design units, including 1 entities, in source file db/add_sub_u3c.tdf
    Info (12023): Found entity 1: add_sub_u3c File: /home/ah/Documents/Workspace/FPGA/Gesture_Light_Sensor_RTL/db/add_sub_u3c.tdf Line: 23
Warning (12241): 2 hierarchies have connectivity warnings - see the Connectivity Checks report folder
Warning (13039): The following bidirectional pins have no drivers
    Warning (13040): bidirectional pin "LIGHT_INT" has no driver File: /home/ah/Documents/Workspace/FPGA/Gesture_Light_Sensor_RTL/DECA_Gesture_Light_Sensor.v Line: 22
Info (286030): Timing-Driven Synthesis is running
Info (17049): 8 registers lost all their fanouts during netlist optimizations.
Info (16010): Generating hard_block partition "hard_block:auto_generated_inst"
    Info (16011): Adding 0 node(s), including 0 DDIO, 0 PLL, 0 transceiver and 0 LCELL
Warning (21074): Design contains 5 input pin(s) that do not drive logic
    Warning (15610): No output dependent on input pin "ADC_CLK_10" File: /home/ah/Documents/Workspace/FPGA/Gesture_Light_Sensor_RTL/DECA_Gesture_Light_Sensor.v Line: 9
    Warning (15610): No output dependent on input pin "MAX10_CLK2_50" File: /home/ah/Documents/Workspace/FPGA/Gesture_Light_Sensor_RTL/DECA_Gesture_Light_Sensor.v Line: 11
    Warning (15610): No output dependent on input pin "KEY[1]" File: /home/ah/Documents/Workspace/FPGA/Gesture_Light_Sensor_RTL/DECA_Gesture_Light_Sensor.v Line: 14
    Warning (15610): No output dependent on input pin "SW[0]" File: /home/ah/Documents/Workspace/FPGA/Gesture_Light_Sensor_RTL/DECA_Gesture_Light_Sensor.v Line: 26
    Warning (15610): No output dependent on input pin "SW[1]" File: /home/ah/Documents/Workspace/FPGA/Gesture_Light_Sensor_RTL/DECA_Gesture_Light_Sensor.v Line: 26
Info (21057): Implemented 828 device resources after synthesis - the final resource count might be different
    Info (21058): Implemented 7 input pins
    Info (21059): Implemented 9 output pins
    Info (21060): Implemented 2 bidirectional pins
    Info (21061): Implemented 810 logic cells
Info: Quartus Prime Analysis & Synthesis was successful. 0 errors, 33 warnings
    Info: Peak virtual memory: 635 megabytes
    Info: Processing ended: Fri Jul 12 09:47:02 2024
    Info: Elapsed time: 00:00:44
    Info: Total CPU time (on all processors): 00:01:33


